<?xml version="1.0" encoding="UTF-8"?>
<robot generator="Robot 3.2.2 (Python 3.8.5 on linux)" generated="20201216 13:50:48.886" rpa="false">
<suite id="s1" name="Test" source="/home/wendelleloi/qaNinja/robot/test.robot">
<test id="s1-t1" name="Deve retornar mensagem de boas vindas">
<kw name="Welcome" library="app">
<arguments>
<arg>Wendell</arg>
</arguments>
<assign>
<var>${result}</var>
</assign>
<msg timestamp="20201216 13:50:48.904" level="INFO">${result} = Olá Wendell de novo</msg>
<status status="PASS" starttime="20201216 13:50:48.903" endtime="20201216 13:50:48.904"></status>
</kw>
<kw name="Should Be Equal" library="BuiltIn">
<doc>Fails if the given objects are unequal.</doc>
<arguments>
<arg>${result}</arg>
<arg>Olá Wendell de novo</arg>
</arguments>
<status status="PASS" starttime="20201216 13:50:48.904" endtime="20201216 13:50:48.904"></status>
</kw>
<status status="PASS" starttime="20201216 13:50:48.903" endtime="20201216 13:50:48.904" critical="yes"></status>
</test>
<status status="PASS" starttime="20201216 13:50:48.887" endtime="20201216 13:50:48.905"></status>
</suite>
<statistics>
<total>
<stat pass="1" fail="0">Critical Tests</stat>
<stat pass="1" fail="0">All Tests</stat>
</total>
<tag>
</tag>
<suite>
<stat pass="1" fail="0" id="s1" name="Test">Test</stat>
</suite>
</statistics>
<errors>
</errors>
</robot>
