<?xml version="1.0" encoding="UTF-8"?>
<robot generator="Robot 3.2.2 (Python 3.8.5 on linux)" generated="20201229 11:43:01.888" rpa="false">
<suite id="s1" name="Radio" source="/home/wendelleloi/qaNinja/robot/web/tests/radio.robot">
<test id="s1-t1" name="Selecionando por ID">
<kw name="Nova sessão" library="base" type="setup">
<kw name="Open Browser" library="SeleniumLibrary">
<doc>Opens a new browser instance to the optional ``url``.</doc>
<arguments>
<arg>${url}</arg>
<arg>${Browser}</arg>
</arguments>
<msg timestamp="20201229 11:43:01.989" level="INFO">Opening browser 'chrome' to base url 'https://training-wheels-protocol.herokuapp.com'.</msg>
<status status="PASS" starttime="20201229 11:43:01.989" endtime="20201229 11:43:09.479"></status>
</kw>
<status status="PASS" starttime="20201229 11:43:01.989" endtime="20201229 11:43:09.480"></status>
</kw>
<kw name="Go To" library="SeleniumLibrary">
<doc>Navigates the current browser window to the provided ``url``.</doc>
<arguments>
<arg>${url}/radios</arg>
</arguments>
<msg timestamp="20201229 11:43:09.483" level="INFO">Opening url 'https://training-wheels-protocol.herokuapp.com/radios'</msg>
<status status="PASS" starttime="20201229 11:43:09.481" endtime="20201229 11:43:10.156"></status>
</kw>
<kw name="Select Radio Button" library="SeleniumLibrary">
<doc>Sets the radio button group ``group_name`` to ``value``.</doc>
<arguments>
<arg>movies</arg>
<arg>cap</arg>
</arguments>
<msg timestamp="20201229 11:43:10.158" level="INFO">Selecting 'cap' from radio button 'movies'.</msg>
<status status="PASS" starttime="20201229 11:43:10.157" endtime="20201229 11:43:10.256"></status>
</kw>
<kw name="Radio Button Should Be Set To" library="SeleniumLibrary">
<doc>Verifies radio button group ``group_name`` is set to ``value``.</doc>
<arguments>
<arg>movies</arg>
<arg>cap</arg>
</arguments>
<msg timestamp="20201229 11:43:10.256" level="INFO">Verifying radio button 'movies' has selection 'cap'.</msg>
<status status="PASS" starttime="20201229 11:43:10.256" endtime="20201229 11:43:10.282"></status>
</kw>
<kw name="encerra sessão" library="base" type="teardown">
<kw name="Capture Page Screenshot" library="SeleniumLibrary">
<doc>Takes a screenshot of the current page and embeds it into a log file.</doc>
<msg timestamp="20201229 11:43:10.454" level="INFO" html="yes">&lt;/td&gt;&lt;/tr&gt;&lt;tr&gt;&lt;td colspan="3"&gt;&lt;a href="selenium-screenshot-12.png"&gt;&lt;img src="selenium-screenshot-12.png" width="800px"&gt;&lt;/a&gt;</msg>
<status status="PASS" starttime="20201229 11:43:10.283" endtime="20201229 11:43:10.454"></status>
</kw>
<kw name="Close Browser" library="SeleniumLibrary">
<doc>Closes the current browser.</doc>
<status status="PASS" starttime="20201229 11:43:10.454" endtime="20201229 11:43:10.512"></status>
</kw>
<status status="PASS" starttime="20201229 11:43:10.283" endtime="20201229 11:43:10.512"></status>
</kw>
<status status="PASS" starttime="20201229 11:43:01.987" endtime="20201229 11:43:10.512" critical="yes"></status>
</test>
<test id="s1-t2" name="Selecionando por value">
<kw name="Nova sessão" library="base" type="setup">
<kw name="Open Browser" library="SeleniumLibrary">
<doc>Opens a new browser instance to the optional ``url``.</doc>
<arguments>
<arg>${url}</arg>
<arg>${Browser}</arg>
</arguments>
<msg timestamp="20201229 11:43:10.514" level="INFO">Opening browser 'chrome' to base url 'https://training-wheels-protocol.herokuapp.com'.</msg>
<status status="PASS" starttime="20201229 11:43:10.514" endtime="20201229 11:43:14.559"></status>
</kw>
<status status="PASS" starttime="20201229 11:43:10.513" endtime="20201229 11:43:14.560"></status>
</kw>
<kw name="Go To" library="SeleniumLibrary">
<doc>Navigates the current browser window to the provided ``url``.</doc>
<arguments>
<arg>${url}/radios</arg>
</arguments>
<msg timestamp="20201229 11:43:14.561" level="INFO">Opening url 'https://training-wheels-protocol.herokuapp.com/radios'</msg>
<status status="PASS" starttime="20201229 11:43:14.561" endtime="20201229 11:43:14.959"></status>
</kw>
<kw name="Select Radio Button" library="SeleniumLibrary">
<doc>Sets the radio button group ``group_name`` to ``value``.</doc>
<arguments>
<arg>movies</arg>
<arg>guardians</arg>
</arguments>
<msg timestamp="20201229 11:43:14.959" level="INFO">Selecting 'guardians' from radio button 'movies'.</msg>
<status status="PASS" starttime="20201229 11:43:14.959" endtime="20201229 11:43:15.023"></status>
</kw>
<kw name="Radio Button Should Be Set To" library="SeleniumLibrary">
<doc>Verifies radio button group ``group_name`` is set to ``value``.</doc>
<arguments>
<arg>movies</arg>
<arg>guardians</arg>
</arguments>
<msg timestamp="20201229 11:43:15.024" level="INFO">Verifying radio button 'movies' has selection 'guardians'.</msg>
<status status="PASS" starttime="20201229 11:43:15.023" endtime="20201229 11:43:15.071"></status>
</kw>
<kw name="encerra sessão" library="base" type="teardown">
<kw name="Capture Page Screenshot" library="SeleniumLibrary">
<doc>Takes a screenshot of the current page and embeds it into a log file.</doc>
<msg timestamp="20201229 11:43:15.242" level="INFO" html="yes">&lt;/td&gt;&lt;/tr&gt;&lt;tr&gt;&lt;td colspan="3"&gt;&lt;a href="selenium-screenshot-13.png"&gt;&lt;img src="selenium-screenshot-13.png" width="800px"&gt;&lt;/a&gt;</msg>
<status status="PASS" starttime="20201229 11:43:15.072" endtime="20201229 11:43:15.242"></status>
</kw>
<kw name="Close Browser" library="SeleniumLibrary">
<doc>Closes the current browser.</doc>
<status status="PASS" starttime="20201229 11:43:15.242" endtime="20201229 11:43:15.301"></status>
</kw>
<status status="PASS" starttime="20201229 11:43:15.072" endtime="20201229 11:43:15.301"></status>
</kw>
<status status="PASS" starttime="20201229 11:43:10.513" endtime="20201229 11:43:15.301" critical="yes"></status>
</test>
<status status="PASS" starttime="20201229 11:43:01.888" endtime="20201229 11:43:15.302"></status>
</suite>
<statistics>
<total>
<stat pass="2" fail="0">Critical Tests</stat>
<stat pass="2" fail="0">All Tests</stat>
</total>
<tag>
</tag>
<suite>
<stat pass="2" fail="0" id="s1" name="Radio">Radio</stat>
</suite>
</statistics>
<errors>
</errors>
</robot>
